[ 2025-04-11 02:23:15,479 ] 42 root - INFO - Start data Ingestion
[ 2025-04-11 02:23:20,780 ] 65 root - INFO - Performed train test split on the dataframe
[ 2025-04-11 02:23:20,781 ] 67 root - INFO - Exited split_data_as_train_test method of Data_Ingestion class
[ 2025-04-11 02:23:20,781 ] 75 root - INFO - Exporting train and test file path.
[ 2025-04-11 02:23:20,812 ] 84 root - INFO - Exported train and test file path.
[ 2025-04-11 02:23:20,813 ] 45 root - INFO - Data Ingestion completed and artifact: DataIngestionArtifact(trained_file_path='Artifacts\\04_11_2025_02_23_00\\data_ingestion\\ingested\\train.csv', test_file_path='Artifacts\\04_11_2025_02_23_00\\data_ingestion\\ingested\\test.csv')
[ 2025-04-11 02:23:20,816 ] 55 root - INFO - Initiate the data Validation
[ 2025-04-11 02:23:20,891 ] 32 root - INFO - Required number of columns:2
[ 2025-04-11 02:23:20,891 ] 33 root - INFO - Data frame has columns:31
[ 2025-04-11 02:23:20,891 ] 32 root - INFO - Required number of columns:2
[ 2025-04-11 02:23:20,891 ] 33 root - INFO - Data frame has columns:31
[ 2025-04-11 02:23:20,978 ] 63 root - INFO - Entered initiate_data_transformation method of DataTransformation class
[ 2025-04-11 02:23:20,978 ] 65 root - INFO - Starting data transformation
[ 2025-04-11 02:23:20,994 ] 48 root - INFO - Entered get_data_trnasformer_object method of Trnasformation class
[ 2025-04-11 02:23:20,994 ] 53 root - INFO - Initialise KNNImputer with {'missing_values': nan, 'n_neighbors': 3, 'weights': 'uniform'}
[ 2025-04-11 02:23:21,004 ] 46 root - INFO - Entered the save_object method of MainUtils class
[ 2025-04-11 02:23:21,006 ] 50 root - INFO - Exited the save_object method of MainUtils class
[ 2025-04-11 02:23:21,006 ] 46 root - INFO - Entered the save_object method of MainUtils class
[ 2025-04-11 02:23:21,008 ] 50 root - INFO - Exited the save_object method of MainUtils class
[ 2025-04-11 02:26:32,981 ] 46 root - INFO - Entered the save_object method of MainUtils class
[ 2025-04-11 02:26:32,995 ] 50 root - INFO - Exited the save_object method of MainUtils class
[ 2025-04-11 02:26:32,995 ] 46 root - INFO - Entered the save_object method of MainUtils class
[ 2025-04-11 02:26:33,010 ] 50 root - INFO - Exited the save_object method of MainUtils class
[ 2025-04-11 02:26:33,010 ] 151 root - INFO - Model trainer artifact: ModelTrainerArtifact(trained_model_file_path='Artifacts\\04_11_2025_02_23_00\\model_trainer\\trained_model\\model.pkl', train_metric_artifact=ClassificationMetricArtifact(f1_score=0.9908998988877654, precision_score=0.989699050696829, recall_score=0.9921036647094553), test_metric_artifact=ClassificationMetricArtifact(f1_score=0.976725193956717, precision_score=0.9715678310316815, recall_score=0.9819376026272578))
